<?xml version="1.0" encoding="UTF-8" ?>
<testsuite tests="2" failures="0" name="com.shen.mybatis.test.MyBatisTest" time="0.411" errors="2" skipped="0">
  <properties>
[...]
</properties>
  <testcase classname="com.shen.mybatis.test.MyBatisTest" name="testMyBatis1" time="0.352">
    <error message="
### Error opening session.  Cause: java.lang.NullPointerException
### Cause: java.lang.NullPointerException" type="org.apache.ibatis.exceptions.PersistenceException">org.apache.ibatis.exceptions.PersistenceException: 
### Error opening session.  Cause: java.lang.NullPointerException
### Cause: java.lang.NullPointerException
	at org.apache.ibatis.exceptions.ExceptionFactory.wrapException(ExceptionFactory.java:30)
	at org.apache.ibatis.session.defaults.DefaultSqlSessionFactory.openSessionFromDataSource(DefaultSqlSessionFactory.java:100)
	at org.apache.ibatis.session.defaults.DefaultSqlSessionFactory.openSession(DefaultSqlSessionFactory.java:52)
	at com.shen.mybatis.test.MyBatisTest.testMyBatis1(MyBatisTest.java:42)
	at sun.reflect.NativeMethodAccessorImpl.invoke0(Native Method)
	at sun.reflect.NativeMethodAccessorImpl.invoke(NativeMethodAccessorImpl.java:62)
	at sun.reflect.DelegatingMethodAccessorImpl.invoke(DelegatingMethodAccessorImpl.java:43)
	at java.lang.reflect.Method.invoke(Method.java:498)
	at org.junit.runners.model.FrameworkMethod$1.runReflectiveCall(FrameworkMethod.java:59)
	at org.junit.internal.runners.model.ReflectiveCallable.run(ReflectiveCallable.java:12)
	at org.junit.runners.model.FrameworkMethod.invokeExplosively(FrameworkMethod.java:56)
	at org.junit.internal.runners.statements.InvokeMethod.evaluate(InvokeMethod.java:17)
	at org.junit.runners.ParentRunner$3.evaluate(ParentRunner.java:306)
	at org.junit.runners.BlockJUnit4ClassRunner$1.evaluate(BlockJUnit4ClassRunner.java:100)
	at org.junit.runners.ParentRunner.runLeaf(ParentRunner.java:366)
	at org.junit.runners.BlockJUnit4ClassRunner.runChild(BlockJUnit4ClassRunner.java:103)
	at org.junit.runners.BlockJUnit4ClassRunner.runChild(BlockJUnit4ClassRunner.java:63)
	at org.junit.runners.ParentRunner$4.run(ParentRunner.java:331)
	at org.junit.runners.ParentRunner$1.schedule(ParentRunner.java:79)
	at org.junit.runners.ParentRunner.runChildren(ParentRunner.java:329)
	at org.junit.runners.ParentRunner.access$100(ParentRunner.java:66)
	at org.junit.runners.ParentRunner$2.evaluate(ParentRunner.java:293)
	at org.junit.runners.ParentRunner$3.evaluate(ParentRunner.java:306)
	at org.junit.runners.ParentRunner.run(ParentRunner.java:413)
	at org.apache.maven.surefire.junit4.JUnit4Provider.execute(JUnit4Provider.java:252)
	at org.apache.maven.surefire.junit4.JUnit4Provider.executeTestSet(JUnit4Provider.java:141)
	at org.apache.maven.surefire.junit4.JUnit4Provider.invoke(JUnit4Provider.java:112)
	at sun.reflect.NativeMethodAccessorImpl.invoke0(Native Method)
	at sun.reflect.NativeMethodAccessorImpl.invoke(NativeMethodAccessorImpl.java:62)
	at sun.reflect.DelegatingMethodAccessorImpl.invoke(DelegatingMethodAccessorImpl.java:43)
	at java.lang.reflect.Method.invoke(Method.java:498)
	at org.apache.maven.surefire.util.ReflectionUtils.invokeMethodWithArray(ReflectionUtils.java:189)
	at org.apache.maven.surefire.booter.ProviderFactory$ProviderProxy.invoke(ProviderFactory.java:165)
	at org.apache.maven.surefire.booter.ProviderFactory.invokeProvider(ProviderFactory.java:85)
	at org.apache.maven.surefire.booter.ForkedBooter.runSuitesInProcess(ForkedBooter.java:115)
	at org.apache.maven.surefire.booter.ForkedBooter.main(ForkedBooter.java:75)
Caused by: java.lang.NullPointerException
	at org.apache.ibatis.session.defaults.DefaultSqlSessionFactory.openSessionFromDataSource(DefaultSqlSessionFactory.java:95)
	... 34 more
</error>
    <system-out>23:23:10.637 [main] DEBUG org.apache.ibatis.logging.LogFactory - Logging initialized using &apos;class org.apache.ibatis.logging.slf4j.Slf4jImpl&apos; adapter.
23:23:10.642 [main] DEBUG org.apache.ibatis.io.VFS - Class not found: org.jboss.vfs.VFS
23:23:10.642 [main] DEBUG org.apache.ibatis.io.JBoss6VFS - JBoss 6 VFS API is not available in this environment.
23:23:10.642 [main] DEBUG org.apache.ibatis.io.VFS - Class not found: org.jboss.vfs.VirtualFile
23:23:10.642 [main] DEBUG org.apache.ibatis.io.VFS - VFS implementation org.apache.ibatis.io.JBoss6VFS is not valid in this environment.
23:23:10.643 [main] DEBUG org.apache.ibatis.io.VFS - Using VFS adapter org.apache.ibatis.io.DefaultVFS
23:23:10.643 [main] DEBUG org.apache.ibatis.io.DefaultVFS - Find JAR URL: file:/E:/javaPrise/springMvc-demo/target/classes/com/shen/mvc/controller/pojo
23:23:10.643 [main] DEBUG org.apache.ibatis.io.DefaultVFS - Not a JAR: file:/E:/javaPrise/springMvc-demo/target/classes/com/shen/mvc/controller/pojo
23:23:10.666 [main] DEBUG org.apache.ibatis.io.DefaultVFS - Reader entry: AddressUserTab.class
23:23:10.666 [main] DEBUG org.apache.ibatis.io.DefaultVFS - Reader entry: Adress.class
23:23:10.666 [main] DEBUG org.apache.ibatis.io.DefaultVFS - Reader entry: Condiment.class
23:23:10.666 [main] DEBUG org.apache.ibatis.io.DefaultVFS - Reader entry: Order.class
23:23:10.666 [main] DEBUG org.apache.ibatis.io.DefaultVFS - Reader entry: Product.class
23:23:10.667 [main] DEBUG org.apache.ibatis.io.DefaultVFS - Reader entry: User.class
23:23:10.667 [main] DEBUG org.apache.ibatis.io.DefaultVFS - Listing file:/E:/javaPrise/springMvc-demo/target/classes/com/shen/mvc/controller/pojo
23:23:10.667 [main] DEBUG org.apache.ibatis.io.DefaultVFS - Find JAR URL: file:/E:/javaPrise/springMvc-demo/target/classes/com/shen/mvc/controller/pojo/AddressUserTab.class
23:23:10.667 [main] DEBUG org.apache.ibatis.io.DefaultVFS - Not a JAR: file:/E:/javaPrise/springMvc-demo/target/classes/com/shen/mvc/controller/pojo/AddressUserTab.class
23:23:10.668 [main] DEBUG org.apache.ibatis.io.DefaultVFS - Reader entry: ����&amp;#0;&amp;#0;&amp;#0;2&amp;#0;O	&amp;#0;&amp;#4;&amp;#0;:	&amp;#0;&amp;#4;&amp;#0;;	&amp;#0;&amp;#4;&amp;#0;&lt;&amp;#7;&amp;#0;=
23:23:10.668 [main] DEBUG org.apache.ibatis.io.DefaultVFS - Find JAR URL: file:/E:/javaPrise/springMvc-demo/target/classes/com/shen/mvc/controller/pojo/Adress.class
23:23:10.668 [main] DEBUG org.apache.ibatis.io.DefaultVFS - Not a JAR: file:/E:/javaPrise/springMvc-demo/target/classes/com/shen/mvc/controller/pojo/Adress.class
23:23:10.669 [main] DEBUG org.apache.ibatis.io.DefaultVFS - Reader entry: ����&amp;#0;&amp;#0;&amp;#0;2&amp;#0;h	&amp;#0;&amp;#5;&amp;#0;N	&amp;#0;&amp;#5;&amp;#0;O	&amp;#0;&amp;#5;&amp;#0;P	&amp;#0;&amp;#5;&amp;#0;Q&amp;#7;&amp;#0;R
23:23:10.669 [main] DEBUG org.apache.ibatis.io.DefaultVFS - Find JAR URL: file:/E:/javaPrise/springMvc-demo/target/classes/com/shen/mvc/controller/pojo/Condiment.class
23:23:10.669 [main] DEBUG org.apache.ibatis.io.DefaultVFS - Not a JAR: file:/E:/javaPrise/springMvc-demo/target/classes/com/shen/mvc/controller/pojo/Condiment.class
23:23:10.669 [main] DEBUG org.apache.ibatis.io.DefaultVFS - Reader entry: ����&amp;#0;&amp;#0;&amp;#0;2&amp;#0;h	&amp;#0;&amp;#4;&amp;#0;I	&amp;#0;&amp;#4;&amp;#0;J	&amp;#0;&amp;#4;&amp;#0;K&amp;#7;&amp;#0;L
23:23:10.670 [main] DEBUG org.apache.ibatis.io.DefaultVFS - Find JAR URL: file:/E:/javaPrise/springMvc-demo/target/classes/com/shen/mvc/controller/pojo/Order.class
23:23:10.670 [main] DEBUG org.apache.ibatis.io.DefaultVFS - Not a JAR: file:/E:/javaPrise/springMvc-demo/target/classes/com/shen/mvc/controller/pojo/Order.class
23:23:10.670 [main] DEBUG org.apache.ibatis.io.DefaultVFS - Reader entry: ����&amp;#0;&amp;#0;&amp;#0;2&amp;#0;~	&amp;#0;&amp;#5;&amp;#0;X	&amp;#0;&amp;#5;&amp;#0;Y	&amp;#0;&amp;#5;&amp;#0;Z	&amp;#0;&amp;#5;&amp;#0;[&amp;#7;&amp;#0;\
23:23:10.670 [main] DEBUG org.apache.ibatis.io.DefaultVFS - Find JAR URL: file:/E:/javaPrise/springMvc-demo/target/classes/com/shen/mvc/controller/pojo/Product.class
23:23:10.671 [main] DEBUG org.apache.ibatis.io.DefaultVFS - Not a JAR: file:/E:/javaPrise/springMvc-demo/target/classes/com/shen/mvc/controller/pojo/Product.class
23:23:10.671 [main] DEBUG org.apache.ibatis.io.DefaultVFS - Reader entry: ����&amp;#0;&amp;#0;&amp;#0;2&amp;#0;t	&amp;#0;&amp;#6;&amp;#0;W	&amp;#0;&amp;#6;&amp;#0;X	&amp;#0;&amp;#6;&amp;#0;Y	&amp;#0;&amp;#6;&amp;#0;Z	&amp;#0;&amp;#6;&amp;#0;[&amp;#7;&amp;#0;\
23:23:10.672 [main] DEBUG org.apache.ibatis.io.DefaultVFS - Find JAR URL: file:/E:/javaPrise/springMvc-demo/target/classes/com/shen/mvc/controller/pojo/User.class
23:23:10.672 [main] DEBUG org.apache.ibatis.io.DefaultVFS - Not a JAR: file:/E:/javaPrise/springMvc-demo/target/classes/com/shen/mvc/controller/pojo/User.class
23:23:10.673 [main] DEBUG org.apache.ibatis.io.DefaultVFS - Reader entry: ����&amp;#0;&amp;#0;&amp;#0;2&amp;#0;?	&amp;#0;&amp;#6;&amp;#0;a	&amp;#0;&amp;#6;&amp;#0;b	&amp;#0;&amp;#6;&amp;#0;c	&amp;#0;&amp;#6;&amp;#0;d	&amp;#0;&amp;#6;&amp;#0;e&amp;#7;&amp;#0;f
23:23:10.673 [main] DEBUG org.apache.ibatis.io.ResolverUtil - Checking to see if class com.shen.mvc.controller.pojo.AddressUserTab matches criteria [is assignable to Object]
23:23:10.674 [main] DEBUG org.apache.ibatis.io.ResolverUtil - Checking to see if class com.shen.mvc.controller.pojo.Adress matches criteria [is assignable to Object]
23:23:10.674 [main] DEBUG org.apache.ibatis.io.ResolverUtil - Checking to see if class com.shen.mvc.controller.pojo.Condiment matches criteria [is assignable to Object]
23:23:10.674 [main] DEBUG org.apache.ibatis.io.ResolverUtil - Checking to see if class com.shen.mvc.controller.pojo.Order matches criteria [is assignable to Object]
23:23:10.675 [main] DEBUG org.apache.ibatis.io.ResolverUtil - Checking to see if class com.shen.mvc.controller.pojo.Product matches criteria [is assignable to Object]
23:23:10.675 [main] DEBUG org.apache.ibatis.io.ResolverUtil - Checking to see if class com.shen.mvc.controller.pojo.User matches criteria [is assignable to Object]
23:23:10.678 [main] DEBUG org.apache.ibatis.io.DefaultVFS - Find JAR URL: file:/E:/javaPrise/springMvc-demo/target/classes/com/shen/mvc/controller/mapper
23:23:10.678 [main] DEBUG org.apache.ibatis.io.DefaultVFS - Not a JAR: file:/E:/javaPrise/springMvc-demo/target/classes/com/shen/mvc/controller/mapper
23:23:10.679 [main] DEBUG org.apache.ibatis.io.DefaultVFS - Reader entry: AddressMapper.class
23:23:10.679 [main] DEBUG org.apache.ibatis.io.DefaultVFS - Reader entry: AddressMapper.xml
23:23:10.679 [main] DEBUG org.apache.ibatis.io.DefaultVFS - Reader entry: AddressUserTabMapper.class
23:23:10.679 [main] DEBUG org.apache.ibatis.io.DefaultVFS - Reader entry: AddressUserTabMapper.xml
23:23:10.680 [main] DEBUG org.apache.ibatis.io.DefaultVFS - Reader entry: CondimentMapper.class
23:23:10.680 [main] DEBUG org.apache.ibatis.io.DefaultVFS - Reader entry: CondimentMapper.xml
23:23:10.680 [main] DEBUG org.apache.ibatis.io.DefaultVFS - Reader entry: OrderMapper.class
23:23:10.680 [main] DEBUG org.apache.ibatis.io.DefaultVFS - Reader entry: OrderMapper.xml
23:23:10.680 [main] DEBUG org.apache.ibatis.io.DefaultVFS - Reader entry: ProductMapper.class
23:23:10.680 [main] DEBUG org.apache.ibatis.io.DefaultVFS - Reader entry: ProductMapper.xml
23:23:10.680 [main] DEBUG org.apache.ibatis.io.DefaultVFS - Reader entry: UserMapper.class
23:23:10.680 [main] DEBUG org.apache.ibatis.io.DefaultVFS - Reader entry: UserMapper.xml
23:23:10.681 [main] DEBUG org.apache.ibatis.io.DefaultVFS - Listing file:/E:/javaPrise/springMvc-demo/target/classes/com/shen/mvc/controller/mapper
23:23:10.681 [main] DEBUG org.apache.ibatis.io.DefaultVFS - Find JAR URL: file:/E:/javaPrise/springMvc-demo/target/classes/com/shen/mvc/controller/mapper/AddressMapper.class
23:23:10.681 [main] DEBUG org.apache.ibatis.io.DefaultVFS - Not a JAR: file:/E:/javaPrise/springMvc-demo/target/classes/com/shen/mvc/controller/mapper/AddressMapper.class
23:23:10.681 [main] DEBUG org.apache.ibatis.io.DefaultVFS - Reader entry: ����&amp;#0;&amp;#0;&amp;#0;2&amp;#0;&amp;#25;&amp;#7;&amp;#0;&amp;#23;&amp;#7;&amp;#0;&amp;#24;&amp;#1;&amp;#0;
23:23:10.681 [main] DEBUG org.apache.ibatis.io.DefaultVFS - Find JAR URL: file:/E:/javaPrise/springMvc-demo/target/classes/com/shen/mvc/controller/mapper/AddressMapper.xml
23:23:10.681 [main] DEBUG org.apache.ibatis.io.DefaultVFS - Not a JAR: file:/E:/javaPrise/springMvc-demo/target/classes/com/shen/mvc/controller/mapper/AddressMapper.xml
23:23:10.681 [main] DEBUG org.apache.ibatis.io.DefaultVFS - Reader entry: &lt;?xml version=&quot;1.0&quot; encoding=&quot;UTF-8&quot; ?&gt;
23:23:10.682 [main] DEBUG org.apache.ibatis.io.DefaultVFS - Find JAR URL: file:/E:/javaPrise/springMvc-demo/target/classes/com/shen/mvc/controller/mapper/AddressUserTabMapper.class
23:23:10.682 [main] DEBUG org.apache.ibatis.io.DefaultVFS - Not a JAR: file:/E:/javaPrise/springMvc-demo/target/classes/com/shen/mvc/controller/mapper/AddressUserTabMapper.class
23:23:10.682 [main] DEBUG org.apache.ibatis.io.DefaultVFS - Reader entry: ����&amp;#0;&amp;#0;&amp;#0;2&amp;#0;&amp;#17;&amp;#7;&amp;#0;&amp;#15;&amp;#7;&amp;#0;&amp;#16;&amp;#1;&amp;#0;&amp;#17;insertAddressUser&amp;#1;&amp;#0;&amp;#5;(II)I&amp;#1;&amp;#0;&quot;RuntimeVisibleParameterAnnotations&amp;#1;&amp;#0;%Lorg/apache/ibatis/annotations/Param;&amp;#1;&amp;#0;&amp;#5;value&amp;#1;&amp;#0;	addressId&amp;#1;&amp;#0;&amp;#6;userId&amp;#1;&amp;#0;&amp;#17;deleteAddressUser&amp;#1;&amp;#0;
23:23:10.683 [main] DEBUG org.apache.ibatis.io.DefaultVFS - Find JAR URL: file:/E:/javaPrise/springMvc-demo/target/classes/com/shen/mvc/controller/mapper/AddressUserTabMapper.xml
23:23:10.683 [main] DEBUG org.apache.ibatis.io.DefaultVFS - Not a JAR: file:/E:/javaPrise/springMvc-demo/target/classes/com/shen/mvc/controller/mapper/AddressUserTabMapper.xml
23:23:10.683 [main] DEBUG org.apache.ibatis.io.DefaultVFS - Reader entry: &lt;?xml version=&quot;1.0&quot; encoding=&quot;UTF-8&quot; ?&gt;
23:23:10.683 [main] DEBUG org.apache.ibatis.io.DefaultVFS - Find JAR URL: file:/E:/javaPrise/springMvc-demo/target/classes/com/shen/mvc/controller/mapper/CondimentMapper.class
23:23:10.683 [main] DEBUG org.apache.ibatis.io.DefaultVFS - Not a JAR: file:/E:/javaPrise/springMvc-demo/target/classes/com/shen/mvc/controller/mapper/CondimentMapper.class
23:23:10.684 [main] DEBUG org.apache.ibatis.io.DefaultVFS - Reader entry: ����&amp;#0;&amp;#0;&amp;#0;2&amp;#0;&amp;#20;&amp;#7;&amp;#0;&amp;#18;&amp;#7;&amp;#0;&amp;#19;&amp;#1;&amp;#0;&amp;#15;insertCondiment&amp;#1;&amp;#0;+(Lcom/shen/mvc/controller/pojo/Condiment;)I&amp;#1;&amp;#0;&amp;#19;selectCondimentById&amp;#1;&amp;#0;&amp;#25;(I)Ljava/lang/Comparable;&amp;#1;&amp;#0;&amp;#18;selectAllCondiment&amp;#1;&amp;#0;&amp;#18;()Ljava/util/List;&amp;#1;&amp;#0;	Signature&amp;#1;&amp;#0;&lt;()Ljava/util/List&lt;Lcom/shen/mvc/controller/pojo/Condiment;&gt;;&amp;#1;&amp;#0;&amp;#15;upDateCondiment&amp;#1;&amp;#0;&amp;#4;(I)I&amp;#1;&amp;#0;&amp;#15;deleteCondiment&amp;#1;&amp;#0;
23:23:10.684 [main] DEBUG org.apache.ibatis.io.DefaultVFS - Find JAR URL: file:/E:/javaPrise/springMvc-demo/target/classes/com/shen/mvc/controller/mapper/CondimentMapper.xml
23:23:10.684 [main] DEBUG org.apache.ibatis.io.DefaultVFS - Not a JAR: file:/E:/javaPrise/springMvc-demo/target/classes/com/shen/mvc/controller/mapper/CondimentMapper.xml
23:23:10.684 [main] DEBUG org.apache.ibatis.io.DefaultVFS - Reader entry: &lt;?xml version=&quot;1.0&quot; encoding=&quot;UTF-8&quot; ?&gt;
23:23:10.685 [main] DEBUG org.apache.ibatis.io.DefaultVFS - Find JAR URL: file:/E:/javaPrise/springMvc-demo/target/classes/com/shen/mvc/controller/mapper/OrderMapper.class
23:23:10.685 [main] DEBUG org.apache.ibatis.io.DefaultVFS - Not a JAR: file:/E:/javaPrise/springMvc-demo/target/classes/com/shen/mvc/controller/mapper/OrderMapper.class
23:23:10.685 [main] DEBUG org.apache.ibatis.io.DefaultVFS - Reader entry: ����&amp;#0;&amp;#0;&amp;#0;2&amp;#0;&amp;#25;&amp;#7;&amp;#0;&amp;#23;&amp;#7;&amp;#0;&amp;#24;&amp;#1;&amp;#0;&amp;#11;insertOrder&amp;#1;&amp;#0;&apos;(Lcom/shen/mvc/controller/pojo/Order;)I&amp;#1;&amp;#0;&amp;#15;selectOrderById&amp;#1;&amp;#0;&apos;(I)Lcom/shen/mvc/controller/pojo/Order;&amp;#1;&amp;#0;&quot;RuntimeVisibleParameterAnnotations&amp;#1;&amp;#0;%Lorg/apache/ibatis/annotations/Param;&amp;#1;&amp;#0;&amp;#5;value&amp;#1;&amp;#0;&amp;#7;orderId&amp;#1;&amp;#0;&amp;#14;selectAllOrder&amp;#1;&amp;#0;&amp;#18;()Ljava/util/List;&amp;#1;&amp;#0;	Signature&amp;#1;&amp;#0;8()Ljava/util/List&lt;Lcom/shen/mvc/controller/pojo/Order;&gt;;&amp;#1;&amp;#0;&amp;#11;upDateOrder&amp;#1;&amp;#0;((Lcom/shen/mvc/controller/pojo/Order;I)I&amp;#1;&amp;#0;&amp;#11;deleteOrder&amp;#1;&amp;#0;&amp;#4;(I)I&amp;#1;&amp;#0;
23:23:10.685 [main] DEBUG org.apache.ibatis.io.DefaultVFS - Find JAR URL: file:/E:/javaPrise/springMvc-demo/target/classes/com/shen/mvc/controller/mapper/OrderMapper.xml
23:23:10.685 [main] DEBUG org.apache.ibatis.io.DefaultVFS - Not a JAR: file:/E:/javaPrise/springMvc-demo/target/classes/com/shen/mvc/controller/mapper/OrderMapper.xml
23:23:10.685 [main] DEBUG org.apache.ibatis.io.DefaultVFS - Reader entry: &lt;?xml version=&quot;1.0&quot; encoding=&quot;UTF-8&quot; ?&gt;
23:23:10.685 [main] DEBUG org.apache.ibatis.io.DefaultVFS - Find JAR URL: file:/E:/javaPrise/springMvc-demo/target/classes/com/shen/mvc/controller/mapper/ProductMapper.class
23:23:10.685 [main] DEBUG org.apache.ibatis.io.DefaultVFS - Not a JAR: file:/E:/javaPrise/springMvc-demo/target/classes/com/shen/mvc/controller/mapper/ProductMapper.class
23:23:10.685 [main] DEBUG org.apache.ibatis.io.DefaultVFS - Reader entry: ����&amp;#0;&amp;#0;&amp;#0;2&amp;#0;&amp;#20;&amp;#7;&amp;#0;&amp;#18;&amp;#7;&amp;#0;&amp;#19;&amp;#1;&amp;#0;
23:23:10.685 [main] DEBUG org.apache.ibatis.io.DefaultVFS - Find JAR URL: file:/E:/javaPrise/springMvc-demo/target/classes/com/shen/mvc/controller/mapper/ProductMapper.xml
23:23:10.685 [main] DEBUG org.apache.ibatis.io.DefaultVFS - Not a JAR: file:/E:/javaPrise/springMvc-demo/target/classes/com/shen/mvc/controller/mapper/ProductMapper.xml
23:23:10.686 [main] DEBUG org.apache.ibatis.io.DefaultVFS - Reader entry: &lt;?xml version=&quot;1.0&quot; encoding=&quot;UTF-8&quot; ?&gt;
23:23:10.686 [main] DEBUG org.apache.ibatis.io.DefaultVFS - Find JAR URL: file:/E:/javaPrise/springMvc-demo/target/classes/com/shen/mvc/controller/mapper/UserMapper.class
23:23:10.686 [main] DEBUG org.apache.ibatis.io.DefaultVFS - Not a JAR: file:/E:/javaPrise/springMvc-demo/target/classes/com/shen/mvc/controller/mapper/UserMapper.class
23:23:10.686 [main] DEBUG org.apache.ibatis.io.DefaultVFS - Reader entry: ����&amp;#0;&amp;#0;&amp;#0;2&amp;#0;&amp;#21;&amp;#7;&amp;#0;&amp;#19;&amp;#7;&amp;#0;&amp;#20;&amp;#1;&amp;#0;
23:23:10.687 [main] DEBUG org.apache.ibatis.io.DefaultVFS - Find JAR URL: file:/E:/javaPrise/springMvc-demo/target/classes/com/shen/mvc/controller/mapper/UserMapper.xml
23:23:10.687 [main] DEBUG org.apache.ibatis.io.DefaultVFS - Not a JAR: file:/E:/javaPrise/springMvc-demo/target/classes/com/shen/mvc/controller/mapper/UserMapper.xml
23:23:10.687 [main] DEBUG org.apache.ibatis.io.DefaultVFS - Reader entry: &lt;?xml version=&quot;1.0&quot; encoding=&quot;UTF-8&quot; ?&gt;
23:23:10.687 [main] DEBUG org.apache.ibatis.io.ResolverUtil - Checking to see if class com.shen.mvc.controller.mapper.AddressMapper matches criteria [is assignable to Object]
23:23:10.687 [main] DEBUG org.apache.ibatis.io.ResolverUtil - Checking to see if class com.shen.mvc.controller.mapper.AddressUserTabMapper matches criteria [is assignable to Object]
23:23:10.688 [main] DEBUG org.apache.ibatis.io.ResolverUtil - Checking to see if class com.shen.mvc.controller.mapper.CondimentMapper matches criteria [is assignable to Object]
23:23:10.688 [main] DEBUG org.apache.ibatis.io.ResolverUtil - Checking to see if class com.shen.mvc.controller.mapper.OrderMapper matches criteria [is assignable to Object]
23:23:10.688 [main] DEBUG org.apache.ibatis.io.ResolverUtil - Checking to see if class com.shen.mvc.controller.mapper.ProductMapper matches criteria [is assignable to Object]
23:23:10.688 [main] DEBUG org.apache.ibatis.io.ResolverUtil - Checking to see if class com.shen.mvc.controller.mapper.UserMapper matches criteria [is assignable to Object]
</system-out>
  </testcase>
  <testcase classname="com.shen.mybatis.test.MyBatisTest" name="testMyBatis" time="0.059">
    <error message="
### Error opening session.  Cause: java.lang.NullPointerException
### Cause: java.lang.NullPointerException" type="org.apache.ibatis.exceptions.PersistenceException">org.apache.ibatis.exceptions.PersistenceException: 
### Error opening session.  Cause: java.lang.NullPointerException
### Cause: java.lang.NullPointerException
	at org.apache.ibatis.exceptions.ExceptionFactory.wrapException(ExceptionFactory.java:30)
	at org.apache.ibatis.session.defaults.DefaultSqlSessionFactory.openSessionFromDataSource(DefaultSqlSessionFactory.java:100)
	at org.apache.ibatis.session.defaults.DefaultSqlSessionFactory.openSession(DefaultSqlSessionFactory.java:52)
	at com.shen.mybatis.test.MyBatisTest.testMyBatis(MyBatisTest.java:24)
	at sun.reflect.NativeMethodAccessorImpl.invoke0(Native Method)
	at sun.reflect.NativeMethodAccessorImpl.invoke(NativeMethodAccessorImpl.java:62)
	at sun.reflect.DelegatingMethodAccessorImpl.invoke(DelegatingMethodAccessorImpl.java:43)
	at java.lang.reflect.Method.invoke(Method.java:498)
	at org.junit.runners.model.FrameworkMethod$1.runReflectiveCall(FrameworkMethod.java:59)
	at org.junit.internal.runners.model.ReflectiveCallable.run(ReflectiveCallable.java:12)
	at org.junit.runners.model.FrameworkMethod.invokeExplosively(FrameworkMethod.java:56)
	at org.junit.internal.runners.statements.InvokeMethod.evaluate(InvokeMethod.java:17)
	at org.junit.runners.ParentRunner$3.evaluate(ParentRunner.java:306)
	at org.junit.runners.BlockJUnit4ClassRunner$1.evaluate(BlockJUnit4ClassRunner.java:100)
	at org.junit.runners.ParentRunner.runLeaf(ParentRunner.java:366)
	at org.junit.runners.BlockJUnit4ClassRunner.runChild(BlockJUnit4ClassRunner.java:103)
	at org.junit.runners.BlockJUnit4ClassRunner.runChild(BlockJUnit4ClassRunner.java:63)
	at org.junit.runners.ParentRunner$4.run(ParentRunner.java:331)
	at org.junit.runners.ParentRunner$1.schedule(ParentRunner.java:79)
	at org.junit.runners.ParentRunner.runChildren(ParentRunner.java:329)
	at org.junit.runners.ParentRunner.access$100(ParentRunner.java:66)
	at org.junit.runners.ParentRunner$2.evaluate(ParentRunner.java:293)
	at org.junit.runners.ParentRunner$3.evaluate(ParentRunner.java:306)
	at org.junit.runners.ParentRunner.run(ParentRunner.java:413)
	at org.apache.maven.surefire.junit4.JUnit4Provider.execute(JUnit4Provider.java:252)
	at org.apache.maven.surefire.junit4.JUnit4Provider.executeTestSet(JUnit4Provider.java:141)
	at org.apache.maven.surefire.junit4.JUnit4Provider.invoke(JUnit4Provider.java:112)
	at sun.reflect.NativeMethodAccessorImpl.invoke0(Native Method)
	at sun.reflect.NativeMethodAccessorImpl.invoke(NativeMethodAccessorImpl.java:62)
	at sun.reflect.DelegatingMethodAccessorImpl.invoke(DelegatingMethodAccessorImpl.java:43)
	at java.lang.reflect.Method.invoke(Method.java:498)
	at org.apache.maven.surefire.util.ReflectionUtils.invokeMethodWithArray(ReflectionUtils.java:189)
	at org.apache.maven.surefire.booter.ProviderFactory$ProviderProxy.invoke(ProviderFactory.java:165)
	at org.apache.maven.surefire.booter.ProviderFactory.invokeProvider(ProviderFactory.java:85)
	at org.apache.maven.surefire.booter.ForkedBooter.runSuitesInProcess(ForkedBooter.java:115)
	at org.apache.maven.surefire.booter.ForkedBooter.main(ForkedBooter.java:75)
Caused by: java.lang.NullPointerException
	at org.apache.ibatis.session.defaults.DefaultSqlSessionFactory.openSessionFromDataSource(DefaultSqlSessionFactory.java:95)
	... 34 more
</error>
    <system-out>23:23:10.794 [main] DEBUG org.apache.ibatis.io.DefaultVFS - Find JAR URL: file:/E:/javaPrise/springMvc-demo/target/classes/com/shen/mvc/controller/pojo
23:23:10.794 [main] DEBUG org.apache.ibatis.io.DefaultVFS - Not a JAR: file:/E:/javaPrise/springMvc-demo/target/classes/com/shen/mvc/controller/pojo
23:23:10.795 [main] DEBUG org.apache.ibatis.io.DefaultVFS - Reader entry: AddressUserTab.class
23:23:10.795 [main] DEBUG org.apache.ibatis.io.DefaultVFS - Reader entry: Adress.class
23:23:10.795 [main] DEBUG org.apache.ibatis.io.DefaultVFS - Reader entry: Condiment.class
23:23:10.795 [main] DEBUG org.apache.ibatis.io.DefaultVFS - Reader entry: Order.class
23:23:10.795 [main] DEBUG org.apache.ibatis.io.DefaultVFS - Reader entry: Product.class
23:23:10.795 [main] DEBUG org.apache.ibatis.io.DefaultVFS - Reader entry: User.class
23:23:10.795 [main] DEBUG org.apache.ibatis.io.DefaultVFS - Listing file:/E:/javaPrise/springMvc-demo/target/classes/com/shen/mvc/controller/pojo
23:23:10.795 [main] DEBUG org.apache.ibatis.io.DefaultVFS - Find JAR URL: file:/E:/javaPrise/springMvc-demo/target/classes/com/shen/mvc/controller/pojo/AddressUserTab.class
23:23:10.796 [main] DEBUG org.apache.ibatis.io.DefaultVFS - Not a JAR: file:/E:/javaPrise/springMvc-demo/target/classes/com/shen/mvc/controller/pojo/AddressUserTab.class
23:23:10.796 [main] DEBUG org.apache.ibatis.io.DefaultVFS - Reader entry: ����&amp;#0;&amp;#0;&amp;#0;2&amp;#0;O	&amp;#0;&amp;#4;&amp;#0;:	&amp;#0;&amp;#4;&amp;#0;;	&amp;#0;&amp;#4;&amp;#0;&lt;&amp;#7;&amp;#0;=
23:23:10.796 [main] DEBUG org.apache.ibatis.io.DefaultVFS - Find JAR URL: file:/E:/javaPrise/springMvc-demo/target/classes/com/shen/mvc/controller/pojo/Adress.class
23:23:10.796 [main] DEBUG org.apache.ibatis.io.DefaultVFS - Not a JAR: file:/E:/javaPrise/springMvc-demo/target/classes/com/shen/mvc/controller/pojo/Adress.class
23:23:10.796 [main] DEBUG org.apache.ibatis.io.DefaultVFS - Reader entry: ����&amp;#0;&amp;#0;&amp;#0;2&amp;#0;h	&amp;#0;&amp;#5;&amp;#0;N	&amp;#0;&amp;#5;&amp;#0;O	&amp;#0;&amp;#5;&amp;#0;P	&amp;#0;&amp;#5;&amp;#0;Q&amp;#7;&amp;#0;R
23:23:10.796 [main] DEBUG org.apache.ibatis.io.DefaultVFS - Find JAR URL: file:/E:/javaPrise/springMvc-demo/target/classes/com/shen/mvc/controller/pojo/Condiment.class
23:23:10.797 [main] DEBUG org.apache.ibatis.io.DefaultVFS - Not a JAR: file:/E:/javaPrise/springMvc-demo/target/classes/com/shen/mvc/controller/pojo/Condiment.class
23:23:10.797 [main] DEBUG org.apache.ibatis.io.DefaultVFS - Reader entry: ����&amp;#0;&amp;#0;&amp;#0;2&amp;#0;h	&amp;#0;&amp;#4;&amp;#0;I	&amp;#0;&amp;#4;&amp;#0;J	&amp;#0;&amp;#4;&amp;#0;K&amp;#7;&amp;#0;L
23:23:10.797 [main] DEBUG org.apache.ibatis.io.DefaultVFS - Find JAR URL: file:/E:/javaPrise/springMvc-demo/target/classes/com/shen/mvc/controller/pojo/Order.class
23:23:10.797 [main] DEBUG org.apache.ibatis.io.DefaultVFS - Not a JAR: file:/E:/javaPrise/springMvc-demo/target/classes/com/shen/mvc/controller/pojo/Order.class
23:23:10.797 [main] DEBUG org.apache.ibatis.io.DefaultVFS - Reader entry: ����&amp;#0;&amp;#0;&amp;#0;2&amp;#0;~	&amp;#0;&amp;#5;&amp;#0;X	&amp;#0;&amp;#5;&amp;#0;Y	&amp;#0;&amp;#5;&amp;#0;Z	&amp;#0;&amp;#5;&amp;#0;[&amp;#7;&amp;#0;\
23:23:10.797 [main] DEBUG org.apache.ibatis.io.DefaultVFS - Find JAR URL: file:/E:/javaPrise/springMvc-demo/target/classes/com/shen/mvc/controller/pojo/Product.class
23:23:10.797 [main] DEBUG org.apache.ibatis.io.DefaultVFS - Not a JAR: file:/E:/javaPrise/springMvc-demo/target/classes/com/shen/mvc/controller/pojo/Product.class
23:23:10.798 [main] DEBUG org.apache.ibatis.io.DefaultVFS - Reader entry: ����&amp;#0;&amp;#0;&amp;#0;2&amp;#0;t	&amp;#0;&amp;#6;&amp;#0;W	&amp;#0;&amp;#6;&amp;#0;X	&amp;#0;&amp;#6;&amp;#0;Y	&amp;#0;&amp;#6;&amp;#0;Z	&amp;#0;&amp;#6;&amp;#0;[&amp;#7;&amp;#0;\
23:23:10.798 [main] DEBUG org.apache.ibatis.io.DefaultVFS - Find JAR URL: file:/E:/javaPrise/springMvc-demo/target/classes/com/shen/mvc/controller/pojo/User.class
23:23:10.798 [main] DEBUG org.apache.ibatis.io.DefaultVFS - Not a JAR: file:/E:/javaPrise/springMvc-demo/target/classes/com/shen/mvc/controller/pojo/User.class
23:23:10.798 [main] DEBUG org.apache.ibatis.io.DefaultVFS - Reader entry: ����&amp;#0;&amp;#0;&amp;#0;2&amp;#0;?	&amp;#0;&amp;#6;&amp;#0;a	&amp;#0;&amp;#6;&amp;#0;b	&amp;#0;&amp;#6;&amp;#0;c	&amp;#0;&amp;#6;&amp;#0;d	&amp;#0;&amp;#6;&amp;#0;e&amp;#7;&amp;#0;f
23:23:10.798 [main] DEBUG org.apache.ibatis.io.ResolverUtil - Checking to see if class com.shen.mvc.controller.pojo.AddressUserTab matches criteria [is assignable to Object]
23:23:10.798 [main] DEBUG org.apache.ibatis.io.ResolverUtil - Checking to see if class com.shen.mvc.controller.pojo.Adress matches criteria [is assignable to Object]
23:23:10.798 [main] DEBUG org.apache.ibatis.io.ResolverUtil - Checking to see if class com.shen.mvc.controller.pojo.Condiment matches criteria [is assignable to Object]
23:23:10.798 [main] DEBUG org.apache.ibatis.io.ResolverUtil - Checking to see if class com.shen.mvc.controller.pojo.Order matches criteria [is assignable to Object]
23:23:10.799 [main] DEBUG org.apache.ibatis.io.ResolverUtil - Checking to see if class com.shen.mvc.controller.pojo.Product matches criteria [is assignable to Object]
23:23:10.799 [main] DEBUG org.apache.ibatis.io.ResolverUtil - Checking to see if class com.shen.mvc.controller.pojo.User matches criteria [is assignable to Object]
23:23:10.801 [main] DEBUG org.apache.ibatis.io.DefaultVFS - Find JAR URL: file:/E:/javaPrise/springMvc-demo/target/classes/com/shen/mvc/controller/mapper
23:23:10.801 [main] DEBUG org.apache.ibatis.io.DefaultVFS - Not a JAR: file:/E:/javaPrise/springMvc-demo/target/classes/com/shen/mvc/controller/mapper
23:23:10.801 [main] DEBUG org.apache.ibatis.io.DefaultVFS - Reader entry: AddressMapper.class
23:23:10.802 [main] DEBUG org.apache.ibatis.io.DefaultVFS - Reader entry: AddressMapper.xml
23:23:10.802 [main] DEBUG org.apache.ibatis.io.DefaultVFS - Reader entry: AddressUserTabMapper.class
23:23:10.802 [main] DEBUG org.apache.ibatis.io.DefaultVFS - Reader entry: AddressUserTabMapper.xml
23:23:10.802 [main] DEBUG org.apache.ibatis.io.DefaultVFS - Reader entry: CondimentMapper.class
23:23:10.802 [main] DEBUG org.apache.ibatis.io.DefaultVFS - Reader entry: CondimentMapper.xml
23:23:10.802 [main] DEBUG org.apache.ibatis.io.DefaultVFS - Reader entry: OrderMapper.class
23:23:10.802 [main] DEBUG org.apache.ibatis.io.DefaultVFS - Reader entry: OrderMapper.xml
23:23:10.802 [main] DEBUG org.apache.ibatis.io.DefaultVFS - Reader entry: ProductMapper.class
23:23:10.802 [main] DEBUG org.apache.ibatis.io.DefaultVFS - Reader entry: ProductMapper.xml
23:23:10.802 [main] DEBUG org.apache.ibatis.io.DefaultVFS - Reader entry: UserMapper.class
23:23:10.803 [main] DEBUG org.apache.ibatis.io.DefaultVFS - Reader entry: UserMapper.xml
23:23:10.803 [main] DEBUG org.apache.ibatis.io.DefaultVFS - Listing file:/E:/javaPrise/springMvc-demo/target/classes/com/shen/mvc/controller/mapper
23:23:10.803 [main] DEBUG org.apache.ibatis.io.DefaultVFS - Find JAR URL: file:/E:/javaPrise/springMvc-demo/target/classes/com/shen/mvc/controller/mapper/AddressMapper.class
23:23:10.803 [main] DEBUG org.apache.ibatis.io.DefaultVFS - Not a JAR: file:/E:/javaPrise/springMvc-demo/target/classes/com/shen/mvc/controller/mapper/AddressMapper.class
23:23:10.803 [main] DEBUG org.apache.ibatis.io.DefaultVFS - Reader entry: ����&amp;#0;&amp;#0;&amp;#0;2&amp;#0;&amp;#25;&amp;#7;&amp;#0;&amp;#23;&amp;#7;&amp;#0;&amp;#24;&amp;#1;&amp;#0;
23:23:10.803 [main] DEBUG org.apache.ibatis.io.DefaultVFS - Find JAR URL: file:/E:/javaPrise/springMvc-demo/target/classes/com/shen/mvc/controller/mapper/AddressMapper.xml
23:23:10.803 [main] DEBUG org.apache.ibatis.io.DefaultVFS - Not a JAR: file:/E:/javaPrise/springMvc-demo/target/classes/com/shen/mvc/controller/mapper/AddressMapper.xml
23:23:10.803 [main] DEBUG org.apache.ibatis.io.DefaultVFS - Reader entry: &lt;?xml version=&quot;1.0&quot; encoding=&quot;UTF-8&quot; ?&gt;
23:23:10.804 [main] DEBUG org.apache.ibatis.io.DefaultVFS - Find JAR URL: file:/E:/javaPrise/springMvc-demo/target/classes/com/shen/mvc/controller/mapper/AddressUserTabMapper.class
23:23:10.804 [main] DEBUG org.apache.ibatis.io.DefaultVFS - Not a JAR: file:/E:/javaPrise/springMvc-demo/target/classes/com/shen/mvc/controller/mapper/AddressUserTabMapper.class
23:23:10.804 [main] DEBUG org.apache.ibatis.io.DefaultVFS - Reader entry: ����&amp;#0;&amp;#0;&amp;#0;2&amp;#0;&amp;#17;&amp;#7;&amp;#0;&amp;#15;&amp;#7;&amp;#0;&amp;#16;&amp;#1;&amp;#0;&amp;#17;insertAddressUser&amp;#1;&amp;#0;&amp;#5;(II)I&amp;#1;&amp;#0;&quot;RuntimeVisibleParameterAnnotations&amp;#1;&amp;#0;%Lorg/apache/ibatis/annotations/Param;&amp;#1;&amp;#0;&amp;#5;value&amp;#1;&amp;#0;	addressId&amp;#1;&amp;#0;&amp;#6;userId&amp;#1;&amp;#0;&amp;#17;deleteAddressUser&amp;#1;&amp;#0;
23:23:10.804 [main] DEBUG org.apache.ibatis.io.DefaultVFS - Find JAR URL: file:/E:/javaPrise/springMvc-demo/target/classes/com/shen/mvc/controller/mapper/AddressUserTabMapper.xml
23:23:10.804 [main] DEBUG org.apache.ibatis.io.DefaultVFS - Not a JAR: file:/E:/javaPrise/springMvc-demo/target/classes/com/shen/mvc/controller/mapper/AddressUserTabMapper.xml
23:23:10.804 [main] DEBUG org.apache.ibatis.io.DefaultVFS - Reader entry: &lt;?xml version=&quot;1.0&quot; encoding=&quot;UTF-8&quot; ?&gt;
23:23:10.804 [main] DEBUG org.apache.ibatis.io.DefaultVFS - Find JAR URL: file:/E:/javaPrise/springMvc-demo/target/classes/com/shen/mvc/controller/mapper/CondimentMapper.class
23:23:10.805 [main] DEBUG org.apache.ibatis.io.DefaultVFS - Not a JAR: file:/E:/javaPrise/springMvc-demo/target/classes/com/shen/mvc/controller/mapper/CondimentMapper.class
23:23:10.805 [main] DEBUG org.apache.ibatis.io.DefaultVFS - Reader entry: ����&amp;#0;&amp;#0;&amp;#0;2&amp;#0;&amp;#20;&amp;#7;&amp;#0;&amp;#18;&amp;#7;&amp;#0;&amp;#19;&amp;#1;&amp;#0;&amp;#15;insertCondiment&amp;#1;&amp;#0;+(Lcom/shen/mvc/controller/pojo/Condiment;)I&amp;#1;&amp;#0;&amp;#19;selectCondimentById&amp;#1;&amp;#0;&amp;#25;(I)Ljava/lang/Comparable;&amp;#1;&amp;#0;&amp;#18;selectAllCondiment&amp;#1;&amp;#0;&amp;#18;()Ljava/util/List;&amp;#1;&amp;#0;	Signature&amp;#1;&amp;#0;&lt;()Ljava/util/List&lt;Lcom/shen/mvc/controller/pojo/Condiment;&gt;;&amp;#1;&amp;#0;&amp;#15;upDateCondiment&amp;#1;&amp;#0;&amp;#4;(I)I&amp;#1;&amp;#0;&amp;#15;deleteCondiment&amp;#1;&amp;#0;
23:23:10.805 [main] DEBUG org.apache.ibatis.io.DefaultVFS - Find JAR URL: file:/E:/javaPrise/springMvc-demo/target/classes/com/shen/mvc/controller/mapper/CondimentMapper.xml
23:23:10.805 [main] DEBUG org.apache.ibatis.io.DefaultVFS - Not a JAR: file:/E:/javaPrise/springMvc-demo/target/classes/com/shen/mvc/controller/mapper/CondimentMapper.xml
23:23:10.805 [main] DEBUG org.apache.ibatis.io.DefaultVFS - Reader entry: &lt;?xml version=&quot;1.0&quot; encoding=&quot;UTF-8&quot; ?&gt;
23:23:10.806 [main] DEBUG org.apache.ibatis.io.DefaultVFS - Find JAR URL: file:/E:/javaPrise/springMvc-demo/target/classes/com/shen/mvc/controller/mapper/OrderMapper.class
23:23:10.806 [main] DEBUG org.apache.ibatis.io.DefaultVFS - Not a JAR: file:/E:/javaPrise/springMvc-demo/target/classes/com/shen/mvc/controller/mapper/OrderMapper.class
23:23:10.806 [main] DEBUG org.apache.ibatis.io.DefaultVFS - Reader entry: ����&amp;#0;&amp;#0;&amp;#0;2&amp;#0;&amp;#25;&amp;#7;&amp;#0;&amp;#23;&amp;#7;&amp;#0;&amp;#24;&amp;#1;&amp;#0;&amp;#11;insertOrder&amp;#1;&amp;#0;&apos;(Lcom/shen/mvc/controller/pojo/Order;)I&amp;#1;&amp;#0;&amp;#15;selectOrderById&amp;#1;&amp;#0;&apos;(I)Lcom/shen/mvc/controller/pojo/Order;&amp;#1;&amp;#0;&quot;RuntimeVisibleParameterAnnotations&amp;#1;&amp;#0;%Lorg/apache/ibatis/annotations/Param;&amp;#1;&amp;#0;&amp;#5;value&amp;#1;&amp;#0;&amp;#7;orderId&amp;#1;&amp;#0;&amp;#14;selectAllOrder&amp;#1;&amp;#0;&amp;#18;()Ljava/util/List;&amp;#1;&amp;#0;	Signature&amp;#1;&amp;#0;8()Ljava/util/List&lt;Lcom/shen/mvc/controller/pojo/Order;&gt;;&amp;#1;&amp;#0;&amp;#11;upDateOrder&amp;#1;&amp;#0;((Lcom/shen/mvc/controller/pojo/Order;I)I&amp;#1;&amp;#0;&amp;#11;deleteOrder&amp;#1;&amp;#0;&amp;#4;(I)I&amp;#1;&amp;#0;
23:23:10.806 [main] DEBUG org.apache.ibatis.io.DefaultVFS - Find JAR URL: file:/E:/javaPrise/springMvc-demo/target/classes/com/shen/mvc/controller/mapper/OrderMapper.xml
23:23:10.806 [main] DEBUG org.apache.ibatis.io.DefaultVFS - Not a JAR: file:/E:/javaPrise/springMvc-demo/target/classes/com/shen/mvc/controller/mapper/OrderMapper.xml
23:23:10.807 [main] DEBUG org.apache.ibatis.io.DefaultVFS - Reader entry: &lt;?xml version=&quot;1.0&quot; encoding=&quot;UTF-8&quot; ?&gt;
23:23:10.807 [main] DEBUG org.apache.ibatis.io.DefaultVFS - Find JAR URL: file:/E:/javaPrise/springMvc-demo/target/classes/com/shen/mvc/controller/mapper/ProductMapper.class
23:23:10.807 [main] DEBUG org.apache.ibatis.io.DefaultVFS - Not a JAR: file:/E:/javaPrise/springMvc-demo/target/classes/com/shen/mvc/controller/mapper/ProductMapper.class
23:23:10.807 [main] DEBUG org.apache.ibatis.io.DefaultVFS - Reader entry: ����&amp;#0;&amp;#0;&amp;#0;2&amp;#0;&amp;#20;&amp;#7;&amp;#0;&amp;#18;&amp;#7;&amp;#0;&amp;#19;&amp;#1;&amp;#0;
23:23:10.807 [main] DEBUG org.apache.ibatis.io.DefaultVFS - Find JAR URL: file:/E:/javaPrise/springMvc-demo/target/classes/com/shen/mvc/controller/mapper/ProductMapper.xml
23:23:10.807 [main] DEBUG org.apache.ibatis.io.DefaultVFS - Not a JAR: file:/E:/javaPrise/springMvc-demo/target/classes/com/shen/mvc/controller/mapper/ProductMapper.xml
23:23:10.807 [main] DEBUG org.apache.ibatis.io.DefaultVFS - Reader entry: &lt;?xml version=&quot;1.0&quot; encoding=&quot;UTF-8&quot; ?&gt;
23:23:10.808 [main] DEBUG org.apache.ibatis.io.DefaultVFS - Find JAR URL: file:/E:/javaPrise/springMvc-demo/target/classes/com/shen/mvc/controller/mapper/UserMapper.class
23:23:10.808 [main] DEBUG org.apache.ibatis.io.DefaultVFS - Not a JAR: file:/E:/javaPrise/springMvc-demo/target/classes/com/shen/mvc/controller/mapper/UserMapper.class
23:23:10.808 [main] DEBUG org.apache.ibatis.io.DefaultVFS - Reader entry: ����&amp;#0;&amp;#0;&amp;#0;2&amp;#0;&amp;#21;&amp;#7;&amp;#0;&amp;#19;&amp;#7;&amp;#0;&amp;#20;&amp;#1;&amp;#0;
23:23:10.808 [main] DEBUG org.apache.ibatis.io.DefaultVFS - Find JAR URL: file:/E:/javaPrise/springMvc-demo/target/classes/com/shen/mvc/controller/mapper/UserMapper.xml
23:23:10.808 [main] DEBUG org.apache.ibatis.io.DefaultVFS - Not a JAR: file:/E:/javaPrise/springMvc-demo/target/classes/com/shen/mvc/controller/mapper/UserMapper.xml
23:23:10.808 [main] DEBUG org.apache.ibatis.io.DefaultVFS - Reader entry: &lt;?xml version=&quot;1.0&quot; encoding=&quot;UTF-8&quot; ?&gt;
23:23:10.809 [main] DEBUG org.apache.ibatis.io.ResolverUtil - Checking to see if class com.shen.mvc.controller.mapper.AddressMapper matches criteria [is assignable to Object]
23:23:10.809 [main] DEBUG org.apache.ibatis.io.ResolverUtil - Checking to see if class com.shen.mvc.controller.mapper.AddressUserTabMapper matches criteria [is assignable to Object]
23:23:10.809 [main] DEBUG org.apache.ibatis.io.ResolverUtil - Checking to see if class com.shen.mvc.controller.mapper.CondimentMapper matches criteria [is assignable to Object]
23:23:10.809 [main] DEBUG org.apache.ibatis.io.ResolverUtil - Checking to see if class com.shen.mvc.controller.mapper.OrderMapper matches criteria [is assignable to Object]
23:23:10.809 [main] DEBUG org.apache.ibatis.io.ResolverUtil - Checking to see if class com.shen.mvc.controller.mapper.ProductMapper matches criteria [is assignable to Object]
23:23:10.809 [main] DEBUG org.apache.ibatis.io.ResolverUtil - Checking to see if class com.shen.mvc.controller.mapper.UserMapper matches criteria [is assignable to Object]
</system-out>
  </testcase>
</testsuite>